# JRE version: Java(TM) SE Runtime Environment 18.9 (11.0.14+8) (build 11.0.14+8-LTS-263)
# Java VM: Java HotSpot(TM) 64-Bit Server VM 18.9 (11.0.14+8-LTS-263, mixed mode, tiered, compressed oops, g1 gc, windows-amd64)
Heap:
 garbage-first heap   total 210944K, used 133446K [0x0000000080000000, 0x0000000100000000)
  region size 1024K, 8 young (8192K), 2 survivors (2048K)
 Metaspace       used 101178K, capacity 105121K, committed 105416K, reserved 608256K
  class space    used 13401K, capacity 14896K, committed 14976K, reserved 516096K
GC Heap History (10 events):
Event: 27.456 GC heap before
{Heap before GC invocations=58 (full 0):
 garbage-first heap   total 175104K, used 133194K [0x0000000080000000, 0x0000000100000000)
  region size 1024K, 23 young (23552K), 3 survivors (3072K)
 Metaspace       used 93457K, capacity 97238K, committed 97352K, reserved 600064K
  class space    used 12411K, capacity 13820K, committed 13824K, reserved 516096K
}
Event: 27.459 GC heap after
{Heap after GC invocations=59 (full 0):
 garbage-first heap   total 175104K, used 115442K [0x0000000080000000, 0x0000000100000000)
  region size 1024K, 3 young (3072K), 3 survivors (3072K)
 Metaspace       used 93457K, capacity 97238K, committed 97352K, reserved 600064K
  class space    used 12411K, capacity 13820K, committed 13824K, reserved 516096K
}
Event: 27.709 GC heap before
{Heap before GC invocations=59 (full 0):
 garbage-first heap   total 175104K, used 135922K [0x0000000080000000, 0x0000000100000000)
  region size 1024K, 23 young (23552K), 3 survivors (3072K)
 Metaspace       used 94373K, capacity 98184K, committed 98248K, reserved 602112K
  class space    used 12531K, capacity 13948K, committed 13952K, reserved 516096K
}
Event: 27.713 GC heap after
{Heap after GC invocations=60 (full 0):
 garbage-first heap   total 175104K, used 118541K [0x0000000080000000, 0x0000000100000000)
  region size 1024K, 3 young (3072K), 3 survivors (3072K)
 Metaspace       used 94373K, capacity 98184K, committed 98248K, reserved 602112K
  class space    used 12531K, capacity 13948K, committed 13952K, reserved 516096K
}
Event: 27.944 GC heap before
{Heap before GC invocations=61 (full 0):
 garbage-first heap   total 175104K, used 139021K [0x0000000080000000, 0x0000000100000000)
  region size 1024K, 23 young (23552K), 3 survivors (3072K)
 Metaspace       used 95629K, capacity 99452K, committed 99784K, reserved 602112K
  class space    used 12691K, capacity 14088K, committed 14208K, reserved 516096K
}
Event: 27.949 GC heap after
{Heap after GC invocations=62 (full 0):
 garbage-first heap   total 210944K, used 120333K [0x0000000080000000, 0x0000000100000000)
  region size 1024K, 2 young (2048K), 2 survivors (2048K)
 Metaspace       used 95629K, capacity 99452K, committed 99784K, reserved 602112K
  class space    used 12691K, capacity 14088K, committed 14208K, reserved 516096K
}
Event: 28.467 GC heap before
{Heap before GC invocations=62 (full 0):
 garbage-first heap   total 210944K, used 152077K [0x0000000080000000, 0x0000000100000000)
  region size 1024K, 33 young (33792K), 2 survivors (2048K)
 Metaspace       used 98388K, capacity 102346K, committed 102472K, reserved 604160K
  class space    used 12985K, capacity 14470K, committed 14592K, reserved 516096K
}
Event: 28.474 GC heap after
{Heap after GC invocations=63 (full 0):
 garbage-first heap   total 210944K, used 126102K [0x0000000080000000, 0x0000000100000000)
  region size 1024K, 5 young (5120K), 5 survivors (5120K)
 Metaspace       used 98388K, capacity 102346K, committed 102472K, reserved 604160K
  class space    used 12985K, capacity 14470K, committed 14592K, reserved 516096K
}
Event: 28.923 GC heap before
{Heap before GC invocations=64 (full 0):
 garbage-first heap   total 210944K, used 156822K [0x0000000080000000, 0x0000000100000000)
  region size 1024K, 35 young (35840K), 5 survivors (5120K)
 Metaspace       used 100656K, capacity 104641K, committed 104776K, reserved 606208K
  class space    used 13287K, capacity 14800K, committed 14848K, reserved 516096K
}
Event: 28.930 GC heap after
{Heap after GC invocations=65 (full 0):
 garbage-first heap   total 210944K, used 128326K [0x0000000080000000, 0x0000000100000000)
  region size 1024K, 2 young (2048K), 2 survivors (2048K)
 Metaspace       used 100656K, capacity 104641K, committed 104776K, reserved 606208K
  class space    used 13287K, capacity 14800K, committed 14848K, reserved 516096K
}

